[INFO] Scanning for projects...
[INFO] 
[INFO] --------------------< org.apache.tez:tez-examples >---------------------
[INFO] Building tez-examples 0.10.5-SNAPSHOT
[INFO]   from pom.xml
[INFO] --------------------------------[ jar ]---------------------------------
[INFO] 
[INFO] --- clean:3.1.0:clean (default-clean) @ tez-examples ---
[INFO] 
[INFO] --- enforcer:3.0.0:enforce (enforce-maven-version) @ tez-examples ---
[INFO] Skipping Rule Enforcement.
[INFO] 
[INFO] --- enforcer:3.0.0:enforce (clean) @ tez-examples ---
[INFO] Skipping Rule Enforcement.
[INFO] 
[INFO] --- buildnumber:1.1:create (default) @ tez-examples ---
[INFO] Checking for local modifications: skipped.
[INFO] Updating project files from SCM: skipped.
[INFO] Executing: /bin/sh -c cd /ramdisk/code && git rev-parse --verify HEAD
[INFO] Working directory: /ramdisk/code
[INFO] Storing buildNumber: null at timestamp: 1743236159750
[INFO] Executing: /bin/sh -c cd /ramdisk/code && git rev-parse --verify HEAD
[INFO] Working directory: /ramdisk/code
[INFO] Storing buildScmBranch: UNKNOWN_BRANCH
[INFO] 
[INFO] --- build-helper:1.8:maven-version (maven-version) @ tez-examples ---
[INFO] 
[INFO] --- enforcer:3.0.0:enforce (banned-illegal-imports) @ tez-examples ---
[INFO] Skipping Rule Enforcement.
[INFO] 
[INFO] --- remote-resources:1.7.0:process (process-resource-bundles) @ tez-examples ---
[INFO] Preparing remote bundle org.apache:apache-jar-resource-bundle:1.4
[INFO] Copying 3 resources from 1 bundle.
[INFO] 
[INFO] --- resources:3.1.0:resources (default-resources) @ tez-examples ---
[INFO] Using 'UTF-8' encoding to copy filtered resources.
[INFO] Copying 0 resource
[INFO] Copying 3 resources
[INFO] 
[INFO] --- compiler:3.8.1:compile (default-compile) @ tez-examples ---
[INFO] Changes detected - recompiling the module!
[INFO] Compiling 10 source files to /ramdisk/code/target/classes
[INFO] 
[INFO] --- resources:3.1.0:testResources (default-testResources) @ tez-examples ---
[INFO] Using 'UTF-8' encoding to copy filtered resources.
[INFO] Copying 2 resources
[INFO] Copying 3 resources
[INFO] 
[INFO] --- compiler:3.8.1:testCompile (default-testCompile) @ tez-examples ---
[INFO] No sources to compile
[INFO] 
[INFO] --- surefire:3.0.0-M4:test (default-test) @ tez-examples ---
[INFO] ------------------------------------------------------------------------
[INFO] BUILD SUCCESS
[INFO] ------------------------------------------------------------------------
[INFO] Total time:  6.104 s
[INFO] Finished at: 2025-03-29T08:16:03Z
[INFO] ------------------------------------------------------------------------
